<?xml version="1.0" encoding="UTF-8"?>
<!-- Generated by org.testng.reporters.JUnitReportReporter -->
<testsuite hostname="vivobook-asuslaptop-x512flc-x512fl" failures="0" tests="1" name="List.Pending_Batches.Batches_Test" time="3.408" errors="0" timestamp="2024-02-12T15:21:04 IST" skipped="0">
  <testcase classname="List.Pending_Batches.Batches_Test" name="testDB" time="3.408"/>
  <system-out/>
</testsuite> <!-- List.Pending_Batches.Batches_Test -->
